<?xml version="1.0" encoding="UTF-8"?>
<testng-results ignored="0" total="2" passed="2" failed="0" skipped="0">
  <reporter-output>
  </reporter-output>
  <suite started-at="2023-04-10T15:21:10 IST" name="Default suite" finished-at="2023-04-10T15:21:10 IST" duration-ms="55">
    <groups>
    </groups>
    <test started-at="2023-04-10T15:21:10 IST" name="Default test" finished-at="2023-04-10T15:21:10 IST" duration-ms="55">
      <class name="SeleniumPractice.TestNG">
        <test-method is-config="true" signature="setUp()[pri:0, instance:SeleniumPractice.TestNG@54422e18]" started-at="2023-04-10T15:21:10 IST" name="setUp" finished-at="2023-04-10T15:21:10 IST" duration-ms="4" status="PASS">
          <reporter-output>
          </reporter-output>
        </test-method> <!-- setUp -->
        <test-method signature="runRes()[pri:1, instance:SeleniumPractice.TestNG@54422e18]" started-at="2023-04-10T15:21:10 IST" name="runRes" finished-at="2023-04-10T15:21:10 IST" duration-ms="6" status="PASS">
          <reporter-output>
          </reporter-output>
        </test-method> <!-- runRes -->
        <test-method is-config="true" signature="exit()[pri:0, instance:SeleniumPractice.TestNG@54422e18]" started-at="2023-04-10T15:21:10 IST" name="exit" finished-at="2023-04-10T15:21:10 IST" duration-ms="1" status="PASS">
          <reporter-output>
          </reporter-output>
        </test-method> <!-- exit -->
        <test-method signature="runRes1()[pri:2, instance:SeleniumPractice.TestNG@54422e18]" started-at="2023-04-10T15:21:10 IST" name="runRes1" finished-at="2023-04-10T15:21:10 IST" duration-ms="1" status="PASS">
          <reporter-output>
          </reporter-output>
        </test-method> <!-- runRes1 -->
        <test-method is-config="true" signature="setUp()[pri:0, instance:SeleniumPractice.TestNG@54422e18]" started-at="2023-04-10T15:21:10 IST" name="setUp" finished-at="2023-04-10T15:21:10 IST" duration-ms="0" status="PASS">
          <reporter-output>
          </reporter-output>
        </test-method> <!-- setUp -->
        <test-method is-config="true" signature="exit()[pri:0, instance:SeleniumPractice.TestNG@54422e18]" started-at="2023-04-10T15:21:10 IST" name="exit" finished-at="2023-04-10T15:21:10 IST" duration-ms="0" status="PASS">
          <reporter-output>
          </reporter-output>
        </test-method> <!-- exit -->
      </class> <!-- SeleniumPractice.TestNG -->
    </test> <!-- Default test -->
  </suite> <!-- Default suite -->
</testng-results>
